Using pre-set license
Built from '2020.3/staging' branch; Version is '2020.3.11f1 (99c7afb366b3) revision 10078127'; Using compiler version '192528614'; Build Type 'Release'
OS: 'Windows 10 Home; OS build 19042.985; Version 2009; 64bit' Language: 'ja' Physical Memory: 16310 MB
BatchMode: 1, IsHumanControllingUs: 0, StartBugReporterOnCrash: 0, Is64bit: 1, IsPro: 0

 COMMAND LINE ARGUMENTS:
C:\Program Files\Unity\Hub\Editor\2020.3.11f1\Editor\Unity.exe
-adb2
-batchMode
-noUpm
-name
AssetImportWorker0
-projectPath
D:/ドキュメント/Unity/first_project
-logFile
Logs/AssetImportWorker0.log
-srvPort
53432
Successfully changed project path to: D:/ドキュメント/Unity/first_project
D:/ドキュメント/Unity/first_project
Using Asset Import Pipeline V2.
Refreshing native plugins compatible for Editor in 23.99 ms, found 2 plugins.
Preloading 0 native plugins for Editor in 0.00 ms.
Initialize engine version: 2020.3.11f1 (99c7afb366b3)
[Subsystems] Discovering subsystems at path C:/Program Files/Unity/Hub/Editor/2020.3.11f1/Editor/Data/Resources/UnitySubsystems
[Subsystems] Discovering subsystems at path D:/ドキュメント/Unity/first_project/Assets
GfxDevice: creating device client; threaded=0
Direct3D:
    Version:  Direct3D 11.0 [level 11.1]
    Renderer: NVIDIA GeForce RTX 2060 (ID=0x1f08)
    Vendor:   
    VRAM:     5980 MB
    Driver:   27.21.14.6089
Initialize mono
Mono path[0] = 'C:/Program Files/Unity/Hub/Editor/2020.3.11f1/Editor/Data/Managed'
Mono path[1] = 'C:/Program Files/Unity/Hub/Editor/2020.3.11f1/Editor/Data/MonoBleedingEdge/lib/mono/unityjit'
Mono config path = 'C:/Program Files/Unity/Hub/Editor/2020.3.11f1/Editor/Data/MonoBleedingEdge/etc'
Using monoOptions --debugger-agent=transport=dt_socket,embedding=1,server=y,suspend=n,address=127.0.0.1:56348
Begin MonoManager ReloadAssembly
Registering precompiled unity dll's ...
Register platform support module: C:/Program Files/Unity/Hub/Editor/2020.3.11f1/Editor/Data/PlaybackEngines/WindowsStandaloneSupport/UnityEditor.WindowsStandalone.Extensions.dll
Registered in 0.001989 seconds.
Native extension for WindowsStandalone target not found
Refreshing native plugins compatible for Editor in 24.59 ms, found 2 plugins.
Preloading 0 native plugins for Editor in 0.00 ms.
Mono: successfully reloaded assembly
- Completed reload, in  0.893 seconds
Platform modules already initialized, skipping
Registering precompiled user dll's ...
Registered in 0.002255 seconds.
Begin MonoManager ReloadAssembly
Native extension for WindowsStandalone target not found
Refreshing native plugins compatible for Editor in 0.31 ms, found 2 plugins.
Preloading 0 native plugins for Editor in 0.00 ms.
Mono: successfully reloaded assembly
- Completed reload, in  0.815 seconds
Platform modules already initialized, skipping
========================================================================
Worker process is ready to serve import requests
Launched and connected shader compiler UnityShaderCompiler.exe after 0.04 seconds
Refreshing native plugins compatible for Editor in 0.29 ms, found 2 plugins.
Preloading 0 native plugins for Editor in 0.00 ms.
Unloading 1386 Unused Serialized files (Serialized files now loaded: 0)
System memory in use before: 67.4 MB.
System memory in use after: 67.4 MB.

Unloading 19 unused Assets to reduce memory usage. Loaded Objects now: 1819.
Total: 1.556900 ms (FindLiveObjects: 0.127300 ms CreateObjectMapping: 0.028300 ms MarkObjects: 1.335900 ms  DeleteObjects: 0.064700 ms)

========================================================================
Received Import Request.
  path: Assets/ball.mat
  artifactKey: Guid(cd7164d8e07c3e44eb7f66217979fae7) Importer(815301076,1909f56bfc062723c751e8b465ee728b)
Start importing Assets/ball.mat using Guid(cd7164d8e07c3e44eb7f66217979fae7) Importer(815301076,1909f56bfc062723c751e8b465ee728b)  -> (artifact id: 'c8f632025c537e8a4b1b04af26df4173') in 0.081885 seconds
  Import took 0.094004 seconds .

========================================================================
Received Import Request.
  Time since last request: 106.780674 seconds.
  path: Assets/block.mat
  artifactKey: Guid(f8f1da98acd26bb48bc6ea1dc816fd50) Importer(815301076,1909f56bfc062723c751e8b465ee728b)
Start importing Assets/block.mat using Guid(f8f1da98acd26bb48bc6ea1dc816fd50) Importer(815301076,1909f56bfc062723c751e8b465ee728b)  -> (artifact id: '44b8056f87eeb0f01f90fd58a632e348') in 0.007065 seconds
  Import took 0.009501 seconds .

========================================================================
Received Import Request.
  Time since last request: 44.157187 seconds.
  path: Assets/wall.mat
  artifactKey: Guid(f41cdadaa6167af44a4f49c74fe25848) Importer(815301076,1909f56bfc062723c751e8b465ee728b)
Start importing Assets/wall.mat using Guid(f41cdadaa6167af44a4f49c74fe25848) Importer(815301076,1909f56bfc062723c751e8b465ee728b)  -> (artifact id: 'a58287ae626c5e42d8e828997f5482f4') in 0.007538 seconds
  Import took 0.009700 seconds .

========================================================================
Received Import Request.
  Time since last request: 64.633193 seconds.
  path: Assets/ball.mat
  artifactKey: Guid(cd7164d8e07c3e44eb7f66217979fae7) Importer(815301076,1909f56bfc062723c751e8b465ee728b)
Start importing Assets/ball.mat using Guid(cd7164d8e07c3e44eb7f66217979fae7) Importer(815301076,1909f56bfc062723c751e8b465ee728b)  -> (artifact id: '452e84f213141daaf3944be8750b17bf') in 0.014266 seconds
  Import took 0.016537 seconds .

========================================================================
Received Import Request.
  Time since last request: 0.000294 seconds.
  path: Assets/wall.mat
  artifactKey: Guid(f41cdadaa6167af44a4f49c74fe25848) Importer(815301076,1909f56bfc062723c751e8b465ee728b)
Start importing Assets/wall.mat using Guid(f41cdadaa6167af44a4f49c74fe25848) Importer(815301076,1909f56bfc062723c751e8b465ee728b)  -> (artifact id: '58fb05fc3ef887d33b8c61ace2f0da95') in 0.014306 seconds
  Import took 0.016793 seconds .

========================================================================
Received Import Request.
  Time since last request: 0.000280 seconds.
  path: Assets/block.mat
  artifactKey: Guid(f8f1da98acd26bb48bc6ea1dc816fd50) Importer(815301076,1909f56bfc062723c751e8b465ee728b)
Start importing Assets/block.mat using Guid(f8f1da98acd26bb48bc6ea1dc816fd50) Importer(815301076,1909f56bfc062723c751e8b465ee728b)  -> (artifact id: '4c15625d72926e150990ec4d2ecc16c4') in 0.007626 seconds
  Import took 0.009643 seconds .

========================================================================
Received Import Request.
  Time since last request: 40.560018 seconds.
  path: Assets/Scenes/SampleScene.unity
  artifactKey: Guid(9fc0d4010bbf28b4594072e72b8655ab) Importer(815301076,1909f56bfc062723c751e8b465ee728b)
Start importing Assets/Scenes/SampleScene.unity using Guid(9fc0d4010bbf28b4594072e72b8655ab) Importer(815301076,1909f56bfc062723c751e8b465ee728b)  -> (artifact id: '3bd602d22eff79999fdf8bff9d650498') in 0.002208 seconds
  Import took 0.004256 seconds .

========================================================================
Received Import Request.
  Time since last request: 0.000912 seconds.
  path: Assets/Scenes/SampleScene.unity
  artifactKey: Guid(9fc0d4010bbf28b4594072e72b8655ab) Importer(815301076,1909f56bfc062723c751e8b465ee728b)
Start importing Assets/Scenes/SampleScene.unity using Guid(9fc0d4010bbf28b4594072e72b8655ab) Importer(815301076,1909f56bfc062723c751e8b465ee728b)  -> (artifact id: '3bd602d22eff79999fdf8bff9d650498') in 0.001674 seconds
  Import took 0.003293 seconds .

========================================================================
Received Import Request.
  Time since last request: 4.156769 seconds.
  path: Assets/Scenes
  artifactKey: Guid(958fda6b16013694195f6bf4dee21306) Importer(815301076,1909f56bfc062723c751e8b465ee728b)
Start importing Assets/Scenes using Guid(958fda6b16013694195f6bf4dee21306) Importer(815301076,1909f56bfc062723c751e8b465ee728b)  -> (artifact id: '8524608e309417116b7e05038f163995') in 0.001853 seconds
  Import took 0.004375 seconds .

========================================================================
Received Import Request.
  Time since last request: 37.374624 seconds.
  path: Assets/wall.mat
  artifactKey: Guid(f41cdadaa6167af44a4f49c74fe25848) Importer(815301076,1909f56bfc062723c751e8b465ee728b)
Start importing Assets/wall.mat using Guid(f41cdadaa6167af44a4f49c74fe25848) Importer(815301076,1909f56bfc062723c751e8b465ee728b)  -> (artifact id: 'b005ea2fd379c4f6fe25ac92110271aa') in 0.009157 seconds
  Import took 0.011685 seconds .

========================================================================
Received Prepare
Registering precompiled user dll's ...
Registered in 0.002511 seconds.
Begin MonoManager ReloadAssembly
Native extension for WindowsStandalone target not found
Refreshing native plugins compatible for Editor in 0.32 ms, found 2 plugins.
Preloading 0 native plugins for Editor in 0.00 ms.
Mono: successfully reloaded assembly
- Completed reload, in  0.778 seconds
Platform modules already initialized, skipping
Refreshing native plugins compatible for Editor in 0.33 ms, found 2 plugins.
Preloading 0 native plugins for Editor in 0.00 ms.
Unloading 1381 Unused Serialized files (Serialized files now loaded: 0)
System memory in use before: 70.6 MB.
System memory in use after: 70.7 MB.

Unloading 14 unused Assets to reduce memory usage. Loaded Objects now: 1862.
Total: 1.816500 ms (FindLiveObjects: 0.236900 ms CreateObjectMapping: 0.030300 ms MarkObjects: 1.498000 ms  DeleteObjects: 0.049900 ms)

========================================================================
Received Import Request.
  Time since last request: 156.630636 seconds.
  path: Assets/ball.physicMaterial
  artifactKey: Guid(ed115045d18ea74499187c2dfd5a7eea) Importer(815301076,1909f56bfc062723c751e8b465ee728b)
Start importing Assets/ball.physicMaterial using Guid(ed115045d18ea74499187c2dfd5a7eea) Importer(815301076,1909f56bfc062723c751e8b465ee728b)  -> (artifact id: 'a3b526c25b00cd8f0799a618787becd1') in 0.013100 seconds
  Import took 0.015565 seconds .

========================================================================
Received Import Request.
  Time since last request: 125.638734 seconds.
  path: Assets/player.cs
  artifactKey: Guid(49b69547c5f7a8842922e59b2f4b3e80) Importer(815301076,1909f56bfc062723c751e8b465ee728b)
Start importing Assets/player.cs using Guid(49b69547c5f7a8842922e59b2f4b3e80) Importer(815301076,1909f56bfc062723c751e8b465ee728b)  -> (artifact id: '84566f92dbd248b48469521ecca715cc') in 0.009701 seconds
  Import took 0.012140 seconds .

========================================================================
Received Prepare
Registering precompiled user dll's ...
Registered in 0.003110 seconds.
Begin MonoManager ReloadAssembly
Native extension for WindowsStandalone target not found
Refreshing native plugins compatible for Editor in 0.32 ms, found 2 plugins.
Preloading 0 native plugins for Editor in 0.00 ms.
Mono: successfully reloaded assembly
- Completed reload, in  0.796 seconds
Platform modules already initialized, skipping
Refreshing native plugins compatible for Editor in 0.33 ms, found 2 plugins.
Preloading 0 native plugins for Editor in 0.00 ms.
Unloading 1382 Unused Serialized files (Serialized files now loaded: 0)
System memory in use before: 70.7 MB.
System memory in use after: 70.8 MB.

Unloading 14 unused Assets to reduce memory usage. Loaded Objects now: 1866.
Total: 1.792200 ms (FindLiveObjects: 0.184200 ms CreateObjectMapping: 0.033300 ms MarkObjects: 1.515900 ms  DeleteObjects: 0.057200 ms)

========================================================================
Received Import Request.
  Time since last request: 973.245872 seconds.
  path: Assets/player.cs
  artifactKey: Guid(49b69547c5f7a8842922e59b2f4b3e80) Importer(815301076,1909f56bfc062723c751e8b465ee728b)
Start importing Assets/player.cs using Guid(49b69547c5f7a8842922e59b2f4b3e80) Importer(815301076,1909f56bfc062723c751e8b465ee728b)  -> (artifact id: '19d840a1d81541b8cc324290d3ece842') in 0.004089 seconds
  Import took 0.006822 seconds .

